2026-03-02 23:10:33,472 [PID 58947] INFO No binary specified, looking for `pyre.bin` in PATH
2026-03-02 23:10:33,473 [PID 58947] INFO Pyre binary is located at `.venv/bin/pyre.bin`
2026-03-02 23:10:33,473 [PID 58947] INFO Could not determine the number of Pyre workers from configuration. Auto-set the value to 4.
2026-03-02 23:10:33,473 [PID 58947] INFO No typeshed specified, looking for it...
2026-03-02 23:10:33,473 [PID 58947] INFO Found: `/Users/zagers/Documents/code/NameThatYankee/.venv/lib/pyre_check/typeshed`
2026-03-02 23:10:33,473 [PID 58947] INFO Writing arguments into /var/folders/x3/ljm78v1d5478tmhxw0xstxyw0000gn/T/pyre_arguments_1uhfccqf.json...
2026-03-02 23:10:33,473 [PID 58947] DEBUG Arguments:
{
  "source_paths": {
    "kind": "simple",
    "paths": [
      "/Users/zagers/Documents/code/NameThatYankee"
    ]
  },
  "search_paths": [
    "/Users/zagers/Documents/code/NameThatYankee/.venv/lib/python3.14/site-packages",
    "/Users/zagers/Documents/code/NameThatYankee/.venv/lib/pyre_check/typeshed/stdlib",
    "/Users/zagers/Documents/code/NameThatYankee/.venv/lib/pyre_check/typeshed/stubs/ExifRead",
    "/Users/zagers/Documents/code/NameThatYankee/.venv/lib/pyre_check/typeshed/stubs/PyMySQL",
    "/Users/zagers/Documents/code/NameThatYankee/.venv/lib/pyre_check/typeshed/stubs/PyYAML",
    "/Users/zagers/Documents/code/NameThatYankee/.venv/lib/pyre_check/typeshed/stubs/aiofiles",
    "/Users/zagers/Documents/code/NameThatYankee/.venv/lib/pyre_check/typeshed/stubs/chevron",
    "/Users/zagers/Documents/code/NameThatYankee/.venv/lib/pyre_check/typeshed/stubs/colorama",
    "/Users/zagers/Documents/code/NameThatYankee/.venv/lib/pyre_check/typeshed/stubs/ldap3",
    "/Users/zagers/Documents/code/NameThatYankee/.venv/lib/pyre_check/typeshed/stubs/mysqlclient",
    "/Users/zagers/Documents/code/NameThatYankee/.venv/lib/pyre_check/typeshed/stubs/paramiko",
    "/Users/zagers/Documents/code/NameThatYankee/.venv/lib/pyre_check/typeshed/stubs/psycopg2",
    "/Users/zagers/Documents/code/NameThatYankee/.venv/lib/pyre_check/typeshed/stubs/pycurl",
    "/Users/zagers/Documents/code/NameThatYankee/.venv/lib/pyre_check/typeshed/stubs/python-dateutil",
    "/Users/zagers/Documents/code/NameThatYankee/.venv/lib/pyre_check/typeshed/stubs/pytz",
    "/Users/zagers/Documents/code/NameThatYankee/.venv/lib/pyre_check/typeshed/stubs/regex",
    "/Users/zagers/Documents/code/NameThatYankee/.venv/lib/pyre_check/typeshed/stubs/requests",
    "/Users/zagers/Documents/code/NameThatYankee/.venv/lib/pyre_check/typeshed/stubs/retry",
    "/Users/zagers/Documents/code/NameThatYankee/.venv/lib/pyre_check/typeshed/stubs/tqdm",
    "/Users/zagers/Documents/code/NameThatYankee/.venv/lib/pyre_check/typeshed/stubs/ujson"
  ],
  "excludes": [],
  "checked_directory_allowlist": [
    "/Users/zagers/Documents/code/NameThatYankee"
  ],
  "checked_directory_blocklist": [],
  "extensions": [],
  "log_path": "/Users/zagers/Documents/code/NameThatYankee/.pyre",
  "global_root": "/Users/zagers/Documents/code/NameThatYankee",
  "debug": false,
  "python_version": {
    "major": 3,
    "minor": 14,
    "micro": 3
  },
  "system_platform": "darwin",
  "shared_memory": {},
  "parallel": true,
  "number_of_workers": 4,
  "additional_logging_sections": [],
  "show_error_traces": false,
  "strict": false
}
2026-03-02 23:10:36,658 [PID 58947] PERFORMANCE  Initialized shared memory (heap size: 8589934592, dep table pow: 1, hash table pow: 26): 0.000s
2026-03-02 23:10:36,658 [PID 58947] PERFORMANCE  Initialized multiprocessing workers (workers: 4): 0.009s
2026-03-02 23:10:36,658 [PID 58947] INFO  Building module tracker...
2026-03-02 23:10:36,880 [PID 58947] PERFORMANCE  Module tracker built: 0.220s
2026-03-02 23:10:36,880 [PID 58947] PERFORMANCE  Full environment built: 0.220s
2026-03-02 23:10:36,880 [PID 58947] INFO  Collecting all definitions...
2026-03-02 23:10:37,475 [PID 58947] INFO <unknown>:98: SyntaxWarning: invalid escape sequence '\N'
2026-03-02 23:10:37,475 [PID 58947] INFO <unknown>:102: SyntaxWarning: invalid escape sequence '\N'
2026-03-02 23:10:37,475 [PID 58947] INFO <unknown>:106: SyntaxWarning: invalid escape sequence '\N'
2026-03-02 23:10:37,475 [PID 58947] INFO <unknown>:108: SyntaxWarning: invalid escape sequence '\N'
2026-03-02 23:10:37,476 [PID 58947] INFO <unknown>:111: SyntaxWarning: invalid escape sequence '\N'
2026-03-02 23:10:37,476 [PID 58947] INFO <unknown>:115: SyntaxWarning: invalid escape sequence '\N'
2026-03-02 23:10:37,476 [PID 58947] INFO <unknown>:120: SyntaxWarning: invalid escape sequence '\N'
2026-03-02 23:10:37,829 [PID 58947] INFO <unknown>:23: SyntaxWarning: invalid escape sequence '\N'
2026-03-02 23:10:37,829 [PID 58947] INFO <unknown>:25: SyntaxWarning: invalid escape sequence '\N'
2026-03-02 23:10:37,829 [PID 58947] INFO <unknown>:27: SyntaxWarning: invalid escape sequence '\N'
2026-03-02 23:10:37,829 [PID 58947] INFO <unknown>:29: SyntaxWarning: invalid escape sequence '\N'
2026-03-02 23:10:37,829 [PID 58947] INFO <unknown>:31: SyntaxWarning: invalid escape sequence '\N'
2026-03-02 23:10:37,829 [PID 58947] INFO <unknown>:33: SyntaxWarning: invalid escape sequence '\N'
2026-03-02 23:10:37,829 [PID 58947] INFO <unknown>:35: SyntaxWarning: invalid escape sequence '\N'
2026-03-02 23:10:37,829 [PID 58947] INFO <unknown>:43: SyntaxWarning: invalid escape sequence '\N'
2026-03-02 23:10:37,829 [PID 58947] INFO <unknown>:45: SyntaxWarning: invalid escape sequence '\N'
2026-03-02 23:10:37,829 [PID 58947] INFO <unknown>:47: SyntaxWarning: invalid escape sequence '\N'
2026-03-02 23:10:40,319 [PID 58947] WARNING  Parser error in module `pyparsing.unicode`: CPython runtime raised a non-syntax exception
2026-03-02 23:10:42,000 [PID 58947] WARNING <unknown>:256: SyntaxWarning: invalid escape sequence '\N'
2026-03-02 23:10:43,730 [PID 58947] PERFORMANCE  Collected definitions (defines: 87484): 6.842s
2026-03-02 23:10:43,730 [PID 58947] INFO  Checking 87484 functions...
2026-03-02 23:10:44,126 [PID 58947] WARNING  Pyre could not resolve the type variable for symbol pydantic.functional_serializers.AnyType, which is probably an imported type variable pydantic.SerializeAsAny. This could cause downstream generic classes to be poorly understood. You can fix this problem by avoiding importing the type variable.
2026-03-02 23:10:50,943 [PID 58947] INFO  Processed 4861 of 87484 functions
2026-03-02 23:10:52,284 [PID 58947] INFO  Processed 9722 of 87484 functions
2026-03-02 23:10:56,417 [PID 58947] INFO  Processed 14583 of 87484 functions
2026-03-02 23:10:58,949 [PID 58947] INFO  Processed 19444 of 87484 functions
2026-03-02 23:11:00,026 [PID 58947] INFO  Processed 24305 of 87484 functions
2026-03-02 23:11:00,087 [PID 58947] INFO  Processed 29166 of 87484 functions
2026-03-02 23:11:02,949 [PID 58947] INFO  Processed 34027 of 87484 functions
2026-03-02 23:11:04,873 [PID 58947] INFO  Processed 38888 of 87484 functions
2026-03-02 23:11:05,062 [PID 58947] INFO  Processed 43749 of 87484 functions
2026-03-02 23:11:06,713 [PID 58947] INFO  Processed 48610 of 87484 functions
2026-03-02 23:11:11,293 [PID 58947] INFO  Processed 53471 of 87484 functions
2026-03-02 23:11:11,385 [PID 58947] INFO  Processed 58332 of 87484 functions
2026-03-02 23:11:11,783 [PID 58947] INFO  Processed 63193 of 87484 functions
2026-03-02 23:11:17,990 [PID 58947] INFO  Processed 68054 of 87484 functions
2026-03-02 23:11:18,897 [PID 58947] INFO  Processed 72915 of 87484 functions
2026-03-02 23:11:20,525 [PID 58947] INFO  Processed 77776 of 87484 functions
2026-03-02 23:11:22,401 [PID 58947] INFO  Processed 82637 of 87484 functions
2026-03-02 23:11:28,130 [PID 58947] WARNING  Pyre could not resolve the type variable for symbol annotated_types._StrType, which is probably an imported type variable annotated_types.IsDigits. This could cause downstream generic classes to be poorly understood. You can fix this problem by avoiding importing the type variable.
2026-03-02 23:11:28,891 [PID 58947] INFO  Processed 87484 of 87484 functions
2026-03-02 23:11:28,891 [PID 58947] PERFORMANCE  Check_TypeCheck: 45.163s
2026-03-02 23:11:28,891 [PID 58947] MEMORY  Shared memory size post-typecheck (size: 194)
2026-03-02 23:11:28,891 [PID 58947] INFO  Postprocessing 4685 sources...
2026-03-02 23:11:30,175 [PID 58947] INFO  Postprocessed 1172 of 4685 sources
2026-03-02 23:11:30,243 [PID 58947] INFO  Postprocessed 2344 of 4685 sources
2026-03-02 23:11:30,256 [PID 58947] INFO  Postprocessed 3513 of 4685 sources
2026-03-02 23:11:30,305 [PID 58947] INFO  Postprocessed 4685 of 4685 sources
2026-03-02 23:11:30,306 [PID 58947] PERFORMANCE  Check_Postprocessing: 1.414s
2026-03-02 23:11:30,306 [PID 58947] PERFORMANCE  Check (request kind: FullCheck): 53.641s
2026-03-02 23:11:30,770 [PID 58947] ERROR Found 10930 type errors!
2026-03-02 23:12:24,041 [PID 59221] INFO No binary specified, looking for `pyre.bin` in PATH
2026-03-02 23:12:24,041 [PID 59221] INFO Pyre binary is located at `.venv/bin/pyre.bin`
2026-03-02 23:12:24,041 [PID 59221] INFO Could not determine the number of Pyre workers from configuration. Auto-set the value to 4.
2026-03-02 23:12:24,041 [PID 59221] INFO No typeshed specified, looking for it...
2026-03-02 23:12:24,041 [PID 59221] INFO Found: `/Users/zagers/Documents/code/NameThatYankee/.venv/lib/pyre_check/typeshed`
2026-03-02 23:12:24,042 [PID 59221] INFO Writing arguments into /var/folders/x3/ljm78v1d5478tmhxw0xstxyw0000gn/T/pyre_arguments_xalje6p6.json...
2026-03-02 23:12:24,042 [PID 59221] DEBUG Arguments:
{
  "source_paths": {
    "kind": "simple",
    "paths": [
      "/Users/zagers/Documents/code/NameThatYankee"
    ]
  },
  "search_paths": [
    "/Users/zagers/Documents/code/NameThatYankee/.venv/lib/python3.14/site-packages",
    "/Users/zagers/Documents/code/NameThatYankee/.venv/lib/pyre_check/typeshed/stdlib",
    "/Users/zagers/Documents/code/NameThatYankee/.venv/lib/pyre_check/typeshed/stubs/ExifRead",
    "/Users/zagers/Documents/code/NameThatYankee/.venv/lib/pyre_check/typeshed/stubs/PyMySQL",
    "/Users/zagers/Documents/code/NameThatYankee/.venv/lib/pyre_check/typeshed/stubs/PyYAML",
    "/Users/zagers/Documents/code/NameThatYankee/.venv/lib/pyre_check/typeshed/stubs/aiofiles",
    "/Users/zagers/Documents/code/NameThatYankee/.venv/lib/pyre_check/typeshed/stubs/chevron",
    "/Users/zagers/Documents/code/NameThatYankee/.venv/lib/pyre_check/typeshed/stubs/colorama",
    "/Users/zagers/Documents/code/NameThatYankee/.venv/lib/pyre_check/typeshed/stubs/ldap3",
    "/Users/zagers/Documents/code/NameThatYankee/.venv/lib/pyre_check/typeshed/stubs/mysqlclient",
    "/Users/zagers/Documents/code/NameThatYankee/.venv/lib/pyre_check/typeshed/stubs/paramiko",
    "/Users/zagers/Documents/code/NameThatYankee/.venv/lib/pyre_check/typeshed/stubs/psycopg2",
    "/Users/zagers/Documents/code/NameThatYankee/.venv/lib/pyre_check/typeshed/stubs/pycurl",
    "/Users/zagers/Documents/code/NameThatYankee/.venv/lib/pyre_check/typeshed/stubs/python-dateutil",
    "/Users/zagers/Documents/code/NameThatYankee/.venv/lib/pyre_check/typeshed/stubs/pytz",
    "/Users/zagers/Documents/code/NameThatYankee/.venv/lib/pyre_check/typeshed/stubs/regex",
    "/Users/zagers/Documents/code/NameThatYankee/.venv/lib/pyre_check/typeshed/stubs/requests",
    "/Users/zagers/Documents/code/NameThatYankee/.venv/lib/pyre_check/typeshed/stubs/retry",
    "/Users/zagers/Documents/code/NameThatYankee/.venv/lib/pyre_check/typeshed/stubs/tqdm",
    "/Users/zagers/Documents/code/NameThatYankee/.venv/lib/pyre_check/typeshed/stubs/ujson"
  ],
  "excludes": [],
  "checked_directory_allowlist": [
    "/Users/zagers/Documents/code/NameThatYankee"
  ],
  "checked_directory_blocklist": [],
  "extensions": [],
  "log_path": "/Users/zagers/Documents/code/NameThatYankee/.pyre",
  "global_root": "/Users/zagers/Documents/code/NameThatYankee",
  "debug": false,
  "python_version": {
    "major": 3,
    "minor": 14,
    "micro": 3
  },
  "system_platform": "darwin",
  "shared_memory": {},
  "parallel": true,
  "number_of_workers": 4,
  "additional_logging_sections": [],
  "show_error_traces": false,
  "strict": false
}
2026-03-02 23:12:26,331 [PID 59221] PERFORMANCE  Initialized shared memory (heap size: 8589934592, dep table pow: 1, hash table pow: 26): 0.000s
2026-03-02 23:12:26,331 [PID 59221] PERFORMANCE  Initialized multiprocessing workers (workers: 4): 0.009s
2026-03-02 23:12:26,331 [PID 59221] INFO  Building module tracker...
2026-03-02 23:12:26,508 [PID 59221] PERFORMANCE  Module tracker built: 0.171s
2026-03-02 23:12:26,508 [PID 59221] PERFORMANCE  Full environment built: 0.171s
2026-03-02 23:12:26,508 [PID 59221] INFO  Collecting all definitions...
2026-03-02 23:12:27,123 [PID 59221] INFO <unknown>:98: SyntaxWarning: invalid escape sequence '\N'
2026-03-02 23:12:27,123 [PID 59221] INFO <unknown>:102: SyntaxWarning: invalid escape sequence '\N'
2026-03-02 23:12:27,123 [PID 59221] INFO <unknown>:106: SyntaxWarning: invalid escape sequence '\N'
2026-03-02 23:12:27,123 [PID 59221] INFO <unknown>:108: SyntaxWarning: invalid escape sequence '\N'
2026-03-02 23:12:27,124 [PID 59221] INFO <unknown>:111: SyntaxWarning: invalid escape sequence '\N'
2026-03-02 23:12:27,124 [PID 59221] INFO <unknown>:115: SyntaxWarning: invalid escape sequence '\N'
2026-03-02 23:12:27,124 [PID 59221] INFO <unknown>:120: SyntaxWarning: invalid escape sequence '\N'
2026-03-02 23:12:27,477 [PID 59221] INFO <unknown>:23: SyntaxWarning: invalid escape sequence '\N'
2026-03-02 23:12:27,477 [PID 59221] INFO <unknown>:25: SyntaxWarning: invalid escape sequence '\N'
2026-03-02 23:12:27,477 [PID 59221] INFO <unknown>:27: SyntaxWarning: invalid escape sequence '\N'
2026-03-02 23:12:27,477 [PID 59221] INFO <unknown>:29: SyntaxWarning: invalid escape sequence '\N'
2026-03-02 23:12:27,477 [PID 59221] INFO <unknown>:31: SyntaxWarning: invalid escape sequence '\N'
2026-03-02 23:12:27,477 [PID 59221] INFO <unknown>:33: SyntaxWarning: invalid escape sequence '\N'
2026-03-02 23:12:27,477 [PID 59221] INFO <unknown>:35: SyntaxWarning: invalid escape sequence '\N'
2026-03-02 23:12:27,477 [PID 59221] INFO <unknown>:43: SyntaxWarning: invalid escape sequence '\N'
2026-03-02 23:12:27,477 [PID 59221] INFO <unknown>:45: SyntaxWarning: invalid escape sequence '\N'
2026-03-02 23:12:27,478 [PID 59221] INFO <unknown>:47: SyntaxWarning: invalid escape sequence '\N'
2026-03-02 23:12:29,821 [PID 59221] WARNING  Parser error in module `pyparsing.unicode`: CPython runtime raised a non-syntax exception
2026-03-02 23:12:31,379 [PID 59221] WARNING <unknown>:256: SyntaxWarning: invalid escape sequence '\N'
2026-03-02 23:12:33,106 [PID 59221] PERFORMANCE  Collected definitions (defines: 87484): 6.600s
2026-03-02 23:12:33,106 [PID 59221] INFO  Checking 87484 functions...
2026-03-02 23:12:33,518 [PID 59221] WARNING  Pyre could not resolve the type variable for symbol pydantic.functional_serializers.AnyType, which is probably an imported type variable pydantic.SerializeAsAny. This could cause downstream generic classes to be poorly understood. You can fix this problem by avoiding importing the type variable.
2026-03-02 23:12:39,577 [PID 59221] INFO  Processed 4861 of 87484 functions
2026-03-02 23:12:41,006 [PID 59221] INFO  Processed 9722 of 87484 functions
2026-03-02 23:12:45,029 [PID 59221] INFO  Processed 14583 of 87484 functions
2026-03-02 23:12:47,697 [PID 59221] INFO  Processed 19444 of 87484 functions
2026-03-02 23:12:48,626 [PID 59221] INFO  Processed 24305 of 87484 functions
2026-03-02 23:12:48,713 [PID 59221] INFO  Processed 29166 of 87484 functions
2026-03-02 23:12:51,702 [PID 59221] INFO  Processed 34027 of 87484 functions
2026-03-02 23:12:53,398 [PID 59221] INFO  Processed 38888 of 87484 functions
2026-03-02 23:12:53,492 [PID 59221] INFO  Processed 43749 of 87484 functions
2026-03-02 23:12:54,917 [PID 59221] INFO  Processed 48610 of 87484 functions
2026-03-02 23:12:59,578 [PID 59221] INFO  Processed 53471 of 87484 functions
2026-03-02 23:12:59,807 [PID 59221] INFO  Processed 58332 of 87484 functions
2026-03-02 23:12:59,844 [PID 59221] INFO  Processed 63193 of 87484 functions
2026-03-02 23:13:06,185 [PID 59221] INFO  Processed 68054 of 87484 functions
2026-03-02 23:13:07,208 [PID 59221] INFO  Processed 72915 of 87484 functions
2026-03-02 23:13:08,206 [PID 59221] INFO  Processed 77776 of 87484 functions
2026-03-02 23:13:10,006 [PID 59221] INFO  Processed 82637 of 87484 functions
2026-03-02 23:13:16,105 [PID 59221] WARNING  Pyre could not resolve the type variable for symbol annotated_types._StrType, which is probably an imported type variable annotated_types.IsDigits. This could cause downstream generic classes to be poorly understood. You can fix this problem by avoiding importing the type variable.
2026-03-02 23:13:16,898 [PID 59221] INFO  Processed 87484 of 87484 functions
2026-03-02 23:13:16,898 [PID 59221] PERFORMANCE  Check_TypeCheck: 43.789s
2026-03-02 23:13:16,898 [PID 59221] MEMORY  Shared memory size post-typecheck (size: 194)
2026-03-02 23:13:16,898 [PID 59221] INFO  Postprocessing 4685 sources...
2026-03-02 23:13:18,139 [PID 59221] INFO  Postprocessed 1172 of 4685 sources
2026-03-02 23:13:18,208 [PID 59221] INFO  Postprocessed 2341 of 4685 sources
2026-03-02 23:13:18,244 [PID 59221] INFO  Postprocessed 3513 of 4685 sources
2026-03-02 23:13:18,269 [PID 59221] INFO  Postprocessed 4685 of 4685 sources
2026-03-02 23:13:18,269 [PID 59221] PERFORMANCE  Check_Postprocessing: 1.368s
2026-03-02 23:13:18,269 [PID 59221] PERFORMANCE  Check (request kind: FullCheck): 51.931s
2026-03-02 23:13:18,706 [PID 59221] ERROR Found 10930 type errors!
2026-03-03 06:58:09,273 [PID 63965] INFO No binary specified, looking for `pyre.bin` in PATH
2026-03-03 06:58:09,275 [PID 63965] INFO Pyre binary is located at `.venv/bin/pyre.bin`
2026-03-03 06:58:09,275 [PID 63965] INFO Could not determine the number of Pyre workers from configuration. Auto-set the value to 4.
2026-03-03 06:58:09,275 [PID 63965] INFO No typeshed specified, looking for it...
2026-03-03 06:58:09,275 [PID 63965] INFO Found: `/Users/zagers/Documents/code/NameThatYankee/.venv/lib/pyre_check/typeshed`
2026-03-03 06:58:09,275 [PID 63965] INFO Writing arguments into /var/folders/x3/ljm78v1d5478tmhxw0xstxyw0000gn/T/pyre_arguments_pjy9hgby.json...
2026-03-03 06:58:09,275 [PID 63965] DEBUG Arguments:
{
  "source_paths": {
    "kind": "simple",
    "paths": [
      "/Users/zagers/Documents/code/NameThatYankee"
    ]
  },
  "search_paths": [
    "/Users/zagers/Documents/code/NameThatYankee/.venv/lib/python3.14/site-packages",
    "/Users/zagers/Documents/code/NameThatYankee/.venv/lib/pyre_check/typeshed/stdlib",
    "/Users/zagers/Documents/code/NameThatYankee/.venv/lib/pyre_check/typeshed/stubs/ExifRead",
    "/Users/zagers/Documents/code/NameThatYankee/.venv/lib/pyre_check/typeshed/stubs/PyMySQL",
    "/Users/zagers/Documents/code/NameThatYankee/.venv/lib/pyre_check/typeshed/stubs/PyYAML",
    "/Users/zagers/Documents/code/NameThatYankee/.venv/lib/pyre_check/typeshed/stubs/aiofiles",
    "/Users/zagers/Documents/code/NameThatYankee/.venv/lib/pyre_check/typeshed/stubs/chevron",
    "/Users/zagers/Documents/code/NameThatYankee/.venv/lib/pyre_check/typeshed/stubs/colorama",
    "/Users/zagers/Documents/code/NameThatYankee/.venv/lib/pyre_check/typeshed/stubs/ldap3",
    "/Users/zagers/Documents/code/NameThatYankee/.venv/lib/pyre_check/typeshed/stubs/mysqlclient",
    "/Users/zagers/Documents/code/NameThatYankee/.venv/lib/pyre_check/typeshed/stubs/paramiko",
    "/Users/zagers/Documents/code/NameThatYankee/.venv/lib/pyre_check/typeshed/stubs/psycopg2",
    "/Users/zagers/Documents/code/NameThatYankee/.venv/lib/pyre_check/typeshed/stubs/pycurl",
    "/Users/zagers/Documents/code/NameThatYankee/.venv/lib/pyre_check/typeshed/stubs/python-dateutil",
    "/Users/zagers/Documents/code/NameThatYankee/.venv/lib/pyre_check/typeshed/stubs/pytz",
    "/Users/zagers/Documents/code/NameThatYankee/.venv/lib/pyre_check/typeshed/stubs/regex",
    "/Users/zagers/Documents/code/NameThatYankee/.venv/lib/pyre_check/typeshed/stubs/requests",
    "/Users/zagers/Documents/code/NameThatYankee/.venv/lib/pyre_check/typeshed/stubs/retry",
    "/Users/zagers/Documents/code/NameThatYankee/.venv/lib/pyre_check/typeshed/stubs/tqdm",
    "/Users/zagers/Documents/code/NameThatYankee/.venv/lib/pyre_check/typeshed/stubs/ujson"
  ],
  "excludes": [],
  "checked_directory_allowlist": [
    "/Users/zagers/Documents/code/NameThatYankee"
  ],
  "checked_directory_blocklist": [],
  "extensions": [],
  "log_path": "/Users/zagers/Documents/code/NameThatYankee/.pyre",
  "global_root": "/Users/zagers/Documents/code/NameThatYankee",
  "debug": false,
  "python_version": {
    "major": 3,
    "minor": 14,
    "micro": 3
  },
  "system_platform": "darwin",
  "shared_memory": {},
  "parallel": true,
  "number_of_workers": 4,
  "additional_logging_sections": [],
  "show_error_traces": false,
  "strict": false
}
2026-03-03 06:58:10,257 [PID 63965] PERFORMANCE  Initialized shared memory (heap size: 8589934592, dep table pow: 1, hash table pow: 26): 0.002s
2026-03-03 06:58:10,270 [PID 63965] PERFORMANCE  Initialized multiprocessing workers (workers: 4): 0.011s
2026-03-03 06:58:10,270 [PID 63965] INFO  Building module tracker...
2026-03-03 06:58:10,458 [PID 63965] PERFORMANCE  Module tracker built: 0.189s
2026-03-03 06:58:10,458 [PID 63965] PERFORMANCE  Full environment built: 0.190s
2026-03-03 06:58:10,458 [PID 63965] INFO  Collecting all definitions...
2026-03-03 06:58:11,066 [PID 63965] INFO <unknown>:98: SyntaxWarning: invalid escape sequence '\N'
2026-03-03 06:58:11,066 [PID 63965] INFO <unknown>:102: SyntaxWarning: invalid escape sequence '\N'
2026-03-03 06:58:11,066 [PID 63965] INFO <unknown>:106: SyntaxWarning: invalid escape sequence '\N'
2026-03-03 06:58:11,066 [PID 63965] INFO <unknown>:108: SyntaxWarning: invalid escape sequence '\N'
2026-03-03 06:58:11,066 [PID 63965] INFO <unknown>:111: SyntaxWarning: invalid escape sequence '\N'
2026-03-03 06:58:11,067 [PID 63965] INFO <unknown>:115: SyntaxWarning: invalid escape sequence '\N'
2026-03-03 06:58:11,067 [PID 63965] INFO <unknown>:120: SyntaxWarning: invalid escape sequence '\N'
2026-03-03 06:58:11,413 [PID 63965] INFO <unknown>:23: SyntaxWarning: invalid escape sequence '\N'
2026-03-03 06:58:11,413 [PID 63965] INFO <unknown>:25: SyntaxWarning: invalid escape sequence '\N'
2026-03-03 06:58:11,413 [PID 63965] INFO <unknown>:27: SyntaxWarning: invalid escape sequence '\N'
2026-03-03 06:58:11,413 [PID 63965] INFO <unknown>:29: SyntaxWarning: invalid escape sequence '\N'
2026-03-03 06:58:11,413 [PID 63965] INFO <unknown>:31: SyntaxWarning: invalid escape sequence '\N'
2026-03-03 06:58:11,413 [PID 63965] INFO <unknown>:33: SyntaxWarning: invalid escape sequence '\N'
2026-03-03 06:58:11,413 [PID 63965] INFO <unknown>:35: SyntaxWarning: invalid escape sequence '\N'
2026-03-03 06:58:11,413 [PID 63965] INFO <unknown>:43: SyntaxWarning: invalid escape sequence '\N'
2026-03-03 06:58:11,413 [PID 63965] INFO <unknown>:45: SyntaxWarning: invalid escape sequence '\N'
2026-03-03 06:58:11,413 [PID 63965] INFO <unknown>:47: SyntaxWarning: invalid escape sequence '\N'
2026-03-03 06:58:13,726 [PID 63965] WARNING  Parser error in module `pyparsing.unicode`: CPython runtime raised a non-syntax exception
2026-03-03 06:58:15,322 [PID 63965] WARNING <unknown>:256: SyntaxWarning: invalid escape sequence '\N'
2026-03-03 06:58:16,891 [PID 63965] PERFORMANCE  Collected definitions (defines: 87484): 6.434s
2026-03-03 06:58:16,891 [PID 63965] INFO  Checking 87484 functions...
2026-03-03 06:58:17,324 [PID 63965] WARNING  Pyre could not resolve the type variable for symbol pydantic.functional_serializers.AnyType, which is probably an imported type variable pydantic.SerializeAsAny. This could cause downstream generic classes to be poorly understood. You can fix this problem by avoiding importing the type variable.
2026-03-03 06:58:23,008 [PID 63965] INFO  Processed 4861 of 87484 functions
2026-03-03 06:58:24,645 [PID 63965] INFO  Processed 9722 of 87484 functions
2026-03-03 06:58:28,896 [PID 63965] INFO  Processed 14583 of 87484 functions
2026-03-03 06:58:31,719 [PID 63965] INFO  Processed 19444 of 87484 functions
2026-03-03 06:58:32,102 [PID 63965] INFO  Processed 24305 of 87484 functions
2026-03-03 06:58:32,199 [PID 63965] INFO  Processed 29166 of 87484 functions
2026-03-03 06:58:35,124 [PID 63965] INFO  Processed 34027 of 87484 functions
2026-03-03 06:58:36,778 [PID 63965] INFO  Processed 38888 of 87484 functions
2026-03-03 06:58:37,112 [PID 63965] INFO  Processed 43749 of 87484 functions
2026-03-03 06:58:38,309 [PID 63965] INFO  Processed 48610 of 87484 functions
2026-03-03 06:58:42,972 [PID 63965] INFO  Processed 53471 of 87484 functions
2026-03-03 06:58:43,115 [PID 63965] INFO  Processed 58332 of 87484 functions
2026-03-03 06:58:43,250 [PID 63965] INFO  Processed 63193 of 87484 functions
2026-03-03 06:58:49,501 [PID 63965] INFO  Processed 68054 of 87484 functions
2026-03-03 06:58:50,385 [PID 63965] INFO  Processed 72915 of 87484 functions
2026-03-03 06:58:51,767 [PID 63965] INFO  Processed 77776 of 87484 functions
2026-03-03 06:58:53,809 [PID 63965] INFO  Processed 82637 of 87484 functions
2026-03-03 06:58:59,547 [PID 63965] WARNING  Pyre could not resolve the type variable for symbol annotated_types._StrType, which is probably an imported type variable annotated_types.IsDigits. This could cause downstream generic classes to be poorly understood. You can fix this problem by avoiding importing the type variable.
2026-03-03 06:59:00,284 [PID 63965] INFO  Processed 87484 of 87484 functions
2026-03-03 06:59:00,284 [PID 63965] PERFORMANCE  Check_TypeCheck: 43.394s
2026-03-03 06:59:00,284 [PID 63965] MEMORY  Shared memory size post-typecheck (size: 194)
2026-03-03 06:59:00,284 [PID 63965] INFO  Postprocessing 4685 sources...
2026-03-03 06:59:01,494 [PID 63965] INFO  Postprocessed 1172 of 4685 sources
2026-03-03 06:59:01,529 [PID 63965] INFO  Postprocessed 2341 of 4685 sources
2026-03-03 06:59:01,591 [PID 63965] INFO  Postprocessed 3513 of 4685 sources
2026-03-03 06:59:01,626 [PID 63965] INFO  Postprocessed 4685 of 4685 sources
2026-03-03 06:59:01,626 [PID 63965] PERFORMANCE  Check_Postprocessing: 1.335s
2026-03-03 06:59:01,626 [PID 63965] PERFORMANCE  Check (request kind: FullCheck): 51.355s
2026-03-03 06:59:02,024 [PID 63965] ERROR Found 10930 type errors!
2026-03-03 07:00:34,522 [PID 64319] INFO No binary specified, looking for `pyre.bin` in PATH
2026-03-03 07:00:34,522 [PID 64319] INFO Pyre binary is located at `.venv/bin/pyre.bin`
2026-03-03 07:00:34,522 [PID 64319] INFO Could not determine the number of Pyre workers from configuration. Auto-set the value to 4.
2026-03-03 07:00:34,522 [PID 64319] INFO No typeshed specified, looking for it...
2026-03-03 07:00:34,522 [PID 64319] INFO Found: `/Users/zagers/Documents/code/NameThatYankee/.venv/lib/pyre_check/typeshed`
2026-03-03 07:00:34,523 [PID 64319] INFO Writing arguments into /var/folders/x3/ljm78v1d5478tmhxw0xstxyw0000gn/T/pyre_arguments_cdxnur90.json...
2026-03-03 07:00:34,523 [PID 64319] DEBUG Arguments:
{
  "source_paths": {
    "kind": "simple",
    "paths": [
      "/Users/zagers/Documents/code/NameThatYankee"
    ]
  },
  "search_paths": [
    "/Users/zagers/Documents/code/NameThatYankee/.venv/lib/python3.14/site-packages",
    "/Users/zagers/Documents/code/NameThatYankee/.venv/lib/pyre_check/typeshed/stdlib",
    "/Users/zagers/Documents/code/NameThatYankee/.venv/lib/pyre_check/typeshed/stubs/ExifRead",
    "/Users/zagers/Documents/code/NameThatYankee/.venv/lib/pyre_check/typeshed/stubs/PyMySQL",
    "/Users/zagers/Documents/code/NameThatYankee/.venv/lib/pyre_check/typeshed/stubs/PyYAML",
    "/Users/zagers/Documents/code/NameThatYankee/.venv/lib/pyre_check/typeshed/stubs/aiofiles",
    "/Users/zagers/Documents/code/NameThatYankee/.venv/lib/pyre_check/typeshed/stubs/chevron",
    "/Users/zagers/Documents/code/NameThatYankee/.venv/lib/pyre_check/typeshed/stubs/colorama",
    "/Users/zagers/Documents/code/NameThatYankee/.venv/lib/pyre_check/typeshed/stubs/ldap3",
    "/Users/zagers/Documents/code/NameThatYankee/.venv/lib/pyre_check/typeshed/stubs/mysqlclient",
    "/Users/zagers/Documents/code/NameThatYankee/.venv/lib/pyre_check/typeshed/stubs/paramiko",
    "/Users/zagers/Documents/code/NameThatYankee/.venv/lib/pyre_check/typeshed/stubs/psycopg2",
    "/Users/zagers/Documents/code/NameThatYankee/.venv/lib/pyre_check/typeshed/stubs/pycurl",
    "/Users/zagers/Documents/code/NameThatYankee/.venv/lib/pyre_check/typeshed/stubs/python-dateutil",
    "/Users/zagers/Documents/code/NameThatYankee/.venv/lib/pyre_check/typeshed/stubs/pytz",
    "/Users/zagers/Documents/code/NameThatYankee/.venv/lib/pyre_check/typeshed/stubs/regex",
    "/Users/zagers/Documents/code/NameThatYankee/.venv/lib/pyre_check/typeshed/stubs/requests",
    "/Users/zagers/Documents/code/NameThatYankee/.venv/lib/pyre_check/typeshed/stubs/retry",
    "/Users/zagers/Documents/code/NameThatYankee/.venv/lib/pyre_check/typeshed/stubs/tqdm",
    "/Users/zagers/Documents/code/NameThatYankee/.venv/lib/pyre_check/typeshed/stubs/ujson"
  ],
  "excludes": [],
  "checked_directory_allowlist": [
    "/Users/zagers/Documents/code/NameThatYankee"
  ],
  "checked_directory_blocklist": [],
  "extensions": [],
  "log_path": "/Users/zagers/Documents/code/NameThatYankee/.pyre",
  "global_root": "/Users/zagers/Documents/code/NameThatYankee",
  "debug": false,
  "python_version": {
    "major": 3,
    "minor": 14,
    "micro": 3
  },
  "system_platform": "darwin",
  "shared_memory": {},
  "parallel": true,
  "number_of_workers": 4,
  "additional_logging_sections": [],
  "show_error_traces": false,
  "strict": false
}
2026-03-03 07:00:34,573 [PID 64319] PERFORMANCE  Initialized shared memory (heap size: 8589934592, dep table pow: 1, hash table pow: 26): 0.000s
2026-03-03 07:00:34,585 [PID 64319] PERFORMANCE  Initialized multiprocessing workers (workers: 4): 0.008s
2026-03-03 07:00:34,585 [PID 64319] INFO  Building module tracker...
2026-03-03 07:00:34,747 [PID 64319] PERFORMANCE  Module tracker built: 0.161s
2026-03-03 07:00:34,748 [PID 64319] PERFORMANCE  Full environment built: 0.161s
2026-03-03 07:00:34,748 [PID 64319] INFO  Collecting all definitions...
2026-03-03 07:00:35,308 [PID 64319] INFO <unknown>:98: SyntaxWarning: invalid escape sequence '\N'
2026-03-03 07:00:35,308 [PID 64319] INFO <unknown>:102: SyntaxWarning: invalid escape sequence '\N'
2026-03-03 07:00:35,308 [PID 64319] INFO <unknown>:106: SyntaxWarning: invalid escape sequence '\N'
2026-03-03 07:00:35,308 [PID 64319] INFO <unknown>:108: SyntaxWarning: invalid escape sequence '\N'
2026-03-03 07:00:35,308 [PID 64319] INFO <unknown>:111: SyntaxWarning: invalid escape sequence '\N'
2026-03-03 07:00:35,309 [PID 64319] INFO <unknown>:115: SyntaxWarning: invalid escape sequence '\N'
2026-03-03 07:00:35,309 [PID 64319] INFO <unknown>:120: SyntaxWarning: invalid escape sequence '\N'
2026-03-03 07:00:35,657 [PID 64319] INFO <unknown>:23: SyntaxWarning: invalid escape sequence '\N'
2026-03-03 07:00:35,657 [PID 64319] INFO <unknown>:25: SyntaxWarning: invalid escape sequence '\N'
2026-03-03 07:00:35,657 [PID 64319] INFO <unknown>:27: SyntaxWarning: invalid escape sequence '\N'
2026-03-03 07:00:35,657 [PID 64319] INFO <unknown>:29: SyntaxWarning: invalid escape sequence '\N'
2026-03-03 07:00:35,657 [PID 64319] INFO <unknown>:31: SyntaxWarning: invalid escape sequence '\N'
2026-03-03 07:00:35,657 [PID 64319] INFO <unknown>:33: SyntaxWarning: invalid escape sequence '\N'
2026-03-03 07:00:35,657 [PID 64319] INFO <unknown>:35: SyntaxWarning: invalid escape sequence '\N'
2026-03-03 07:00:35,658 [PID 64319] INFO <unknown>:43: SyntaxWarning: invalid escape sequence '\N'
2026-03-03 07:00:35,658 [PID 64319] INFO <unknown>:45: SyntaxWarning: invalid escape sequence '\N'
2026-03-03 07:00:35,658 [PID 64319] INFO <unknown>:47: SyntaxWarning: invalid escape sequence '\N'
2026-03-03 07:00:38,015 [PID 64319] WARNING  Parser error in module `pyparsing.unicode`: CPython runtime raised a non-syntax exception
2026-03-03 07:00:39,567 [PID 64319] WARNING <unknown>:256: SyntaxWarning: invalid escape sequence '\N'
2026-03-03 07:00:41,192 [PID 64319] PERFORMANCE  Collected definitions (defines: 87484): 6.446s
2026-03-03 07:00:41,193 [PID 64319] INFO  Checking 87484 functions...
2026-03-03 07:00:41,580 [PID 64319] WARNING  Pyre could not resolve the type variable for symbol pydantic.functional_serializers.AnyType, which is probably an imported type variable pydantic.SerializeAsAny. This could cause downstream generic classes to be poorly understood. You can fix this problem by avoiding importing the type variable.
2026-03-03 07:00:47,370 [PID 64319] INFO  Processed 4861 of 87484 functions
2026-03-03 07:00:48,755 [PID 64319] INFO  Processed 9722 of 87484 functions
2026-03-03 07:00:52,871 [PID 64319] INFO  Processed 14583 of 87484 functions
2026-03-03 07:00:55,373 [PID 64319] INFO  Processed 19444 of 87484 functions
2026-03-03 07:00:56,094 [PID 64319] INFO  Processed 24305 of 87484 functions
2026-03-03 07:00:56,249 [PID 64319] INFO  Processed 29166 of 87484 functions
2026-03-03 07:00:59,154 [PID 64319] INFO  Processed 34027 of 87484 functions
2026-03-03 07:01:00,745 [PID 64319] INFO  Processed 38888 of 87484 functions
2026-03-03 07:01:00,808 [PID 64319] INFO  Processed 43749 of 87484 functions
2026-03-03 07:01:02,361 [PID 64319] INFO  Processed 48610 of 87484 functions
2026-03-03 07:01:06,927 [PID 64319] INFO  Processed 53471 of 87484 functions
2026-03-03 07:01:07,273 [PID 64319] INFO  Processed 58332 of 87484 functions
2026-03-03 07:01:07,310 [PID 64319] INFO  Processed 63193 of 87484 functions
2026-03-03 07:01:13,465 [PID 64319] INFO  Processed 68054 of 87484 functions
2026-03-03 07:01:14,518 [PID 64319] INFO  Processed 72915 of 87484 functions
2026-03-03 07:01:15,726 [PID 64319] INFO  Processed 77776 of 87484 functions
2026-03-03 07:01:17,426 [PID 64319] INFO  Processed 82637 of 87484 functions
2026-03-03 07:01:23,335 [PID 64319] WARNING  Pyre could not resolve the type variable for symbol annotated_types._StrType, which is probably an imported type variable annotated_types.IsDigits. This could cause downstream generic classes to be poorly understood. You can fix this problem by avoiding importing the type variable.
2026-03-03 07:01:24,073 [PID 64319] INFO  Processed 87484 of 87484 functions
2026-03-03 07:01:24,073 [PID 64319] PERFORMANCE  Check_TypeCheck: 42.883s
2026-03-03 07:01:24,073 [PID 64319] MEMORY  Shared memory size post-typecheck (size: 194)
2026-03-03 07:01:24,073 [PID 64319] INFO  Postprocessing 4685 sources...
2026-03-03 07:01:25,432 [PID 64319] INFO  Postprocessed 1172 of 4685 sources
2026-03-03 07:01:25,481 [PID 64319] INFO  Postprocessed 2341 of 4685 sources
2026-03-03 07:01:25,517 [PID 64319] INFO  Postprocessed 3513 of 4685 sources
2026-03-03 07:01:25,518 [PID 64319] INFO  Postprocessed 4685 of 4685 sources
2026-03-03 07:01:25,518 [PID 64319] PERFORMANCE  Check_Postprocessing: 1.444s
2026-03-03 07:01:25,518 [PID 64319] PERFORMANCE  Check (request kind: FullCheck): 50.935s
2026-03-03 07:01:25,920 [PID 64319] ERROR Found 10930 type errors!
2026-03-03 07:23:51,333 [PID 64649] INFO No binary specified, looking for `pyre.bin` in PATH
2026-03-03 07:23:51,336 [PID 64649] INFO Pyre binary is located at `.venv/bin/pyre.bin`
2026-03-03 07:23:51,336 [PID 64649] INFO Could not determine the number of Pyre workers from configuration. Auto-set the value to 4.
2026-03-03 07:23:51,336 [PID 64649] INFO No typeshed specified, looking for it...
2026-03-03 07:23:51,336 [PID 64649] INFO Found: `/Users/zagers/Documents/code/NameThatYankee/.venv/lib/pyre_check/typeshed`
2026-03-03 07:23:51,337 [PID 64649] INFO Writing arguments into /var/folders/x3/ljm78v1d5478tmhxw0xstxyw0000gn/T/pyre_arguments_8dcxgx_w.json...
2026-03-03 07:23:51,337 [PID 64649] DEBUG Arguments:
{
  "source_paths": {
    "kind": "simple",
    "paths": [
      "/Users/zagers/Documents/code/NameThatYankee"
    ]
  },
  "search_paths": [
    "/Users/zagers/Documents/code/NameThatYankee/.venv/lib/python3.14/site-packages$google",
    "/Users/zagers/Documents/code/NameThatYankee/.venv/lib/python3.14/site-packages$PIL",
    "/Users/zagers/Documents/code/NameThatYankee/.venv/lib/pyre_check/typeshed/stdlib",
    "/Users/zagers/Documents/code/NameThatYankee/.venv/lib/pyre_check/typeshed/stubs/ExifRead",
    "/Users/zagers/Documents/code/NameThatYankee/.venv/lib/pyre_check/typeshed/stubs/PyMySQL",
    "/Users/zagers/Documents/code/NameThatYankee/.venv/lib/pyre_check/typeshed/stubs/PyYAML",
    "/Users/zagers/Documents/code/NameThatYankee/.venv/lib/pyre_check/typeshed/stubs/aiofiles",
    "/Users/zagers/Documents/code/NameThatYankee/.venv/lib/pyre_check/typeshed/stubs/chevron",
    "/Users/zagers/Documents/code/NameThatYankee/.venv/lib/pyre_check/typeshed/stubs/colorama",
    "/Users/zagers/Documents/code/NameThatYankee/.venv/lib/pyre_check/typeshed/stubs/ldap3",
    "/Users/zagers/Documents/code/NameThatYankee/.venv/lib/pyre_check/typeshed/stubs/mysqlclient",
    "/Users/zagers/Documents/code/NameThatYankee/.venv/lib/pyre_check/typeshed/stubs/paramiko",
    "/Users/zagers/Documents/code/NameThatYankee/.venv/lib/pyre_check/typeshed/stubs/psycopg2",
    "/Users/zagers/Documents/code/NameThatYankee/.venv/lib/pyre_check/typeshed/stubs/pycurl",
    "/Users/zagers/Documents/code/NameThatYankee/.venv/lib/pyre_check/typeshed/stubs/python-dateutil",
    "/Users/zagers/Documents/code/NameThatYankee/.venv/lib/pyre_check/typeshed/stubs/pytz",
    "/Users/zagers/Documents/code/NameThatYankee/.venv/lib/pyre_check/typeshed/stubs/regex",
    "/Users/zagers/Documents/code/NameThatYankee/.venv/lib/pyre_check/typeshed/stubs/requests",
    "/Users/zagers/Documents/code/NameThatYankee/.venv/lib/pyre_check/typeshed/stubs/retry",
    "/Users/zagers/Documents/code/NameThatYankee/.venv/lib/pyre_check/typeshed/stubs/tqdm",
    "/Users/zagers/Documents/code/NameThatYankee/.venv/lib/pyre_check/typeshed/stubs/ujson"
  ],
  "excludes": [
    ".venv"
  ],
  "checked_directory_allowlist": [
    "/Users/zagers/Documents/code/NameThatYankee"
  ],
  "checked_directory_blocklist": [],
  "extensions": [],
  "log_path": "/Users/zagers/Documents/code/NameThatYankee/.pyre",
  "global_root": "/Users/zagers/Documents/code/NameThatYankee",
  "debug": false,
  "python_version": {
    "major": 3,
    "minor": 14,
    "micro": 3
  },
  "system_platform": "darwin",
  "shared_memory": {},
  "parallel": true,
  "number_of_workers": 4,
  "additional_logging_sections": [],
  "show_error_traces": false,
  "strict": false
}
2026-03-03 07:23:51,586 [PID 64649] PERFORMANCE  Initialized shared memory (heap size: 8589934592, dep table pow: 1, hash table pow: 26): 0.003s
2026-03-03 07:23:51,610 [PID 64649] PERFORMANCE  Initialized multiprocessing workers (workers: 4): 0.019s
2026-03-03 07:23:51,611 [PID 64649] INFO  Building module tracker...
2026-03-03 07:23:51,807 [PID 64649] PERFORMANCE  Module tracker built: 0.192s
2026-03-03 07:23:51,807 [PID 64649] PERFORMANCE  Full environment built: 0.194s
2026-03-03 07:23:51,807 [PID 64649] INFO  Collecting all definitions...
2026-03-03 07:23:54,378 [PID 64649] PERFORMANCE  Collected definitions (defines: 36779): 2.575s
2026-03-03 07:23:54,378 [PID 64649] INFO  Checking 36779 functions...
2026-03-03 07:23:58,565 [PID 64649] INFO  Processed 4598 of 36779 functions
2026-03-03 07:23:58,828 [PID 64649] INFO  Processed 9196 of 36779 functions
2026-03-03 07:23:58,863 [PID 64649] INFO  Processed 13794 of 36779 functions
2026-03-03 07:23:59,331 [PID 64649] INFO  Processed 18392 of 36779 functions
2026-03-03 07:24:01,890 [PID 64649] INFO  Processed 22990 of 36779 functions
2026-03-03 07:24:02,087 [PID 64649] INFO  Processed 27588 of 36779 functions
2026-03-03 07:24:02,310 [PID 64649] INFO  Processed 32186 of 36779 functions
2026-03-03 07:24:02,642 [PID 64649] INFO  Processed 36779 of 36779 functions
2026-03-03 07:24:02,642 [PID 64649] PERFORMANCE  Check_TypeCheck: 8.257s
2026-03-03 07:24:02,642 [PID 64649] MEMORY  Shared memory size post-typecheck (size: 67)
2026-03-03 07:24:02,642 [PID 64649] INFO  Postprocessing 2036 sources...
2026-03-03 07:24:03,174 [PID 64649] INFO  Postprocessed 510 of 2036 sources
2026-03-03 07:24:03,174 [PID 64649] INFO  Postprocessed 1020 of 2036 sources
2026-03-03 07:24:03,199 [PID 64649] INFO  Postprocessed 1530 of 2036 sources
2026-03-03 07:24:03,234 [PID 64649] INFO  Postprocessed 2036 of 2036 sources
2026-03-03 07:24:03,234 [PID 64649] PERFORMANCE  Check_Postprocessing: 0.594s
2026-03-03 07:24:03,234 [PID 64649] PERFORMANCE  Check (request kind: FullCheck): 11.621s
2026-03-03 07:24:03,456 [PID 64649] ERROR Found 7068 type errors!
2026-03-03 15:31:25,424 [PID 69051] INFO Stopping classic server...
2026-03-03 15:31:25,425 [PID 69051] INFO Socket is /var/folders/x3/ljm78v1d5478tmhxw0xstxyw0000gn/T/pyre_server_02046ef50e113fc9.sock
2026-03-03 15:31:25,425 [PID 69051] INFO No running Pyre server to stop.

2026-03-03 15:31:25,425 [PID 69051] INFO Waiting for server...
2026-03-03 15:31:25,425 [PID 69051] INFO Cannot find a running Pyre server. Starting a new one...
2026-03-03 15:31:25,425 [PID 69051] INFO No binary specified, looking for `pyre.bin` in PATH
2026-03-03 15:31:25,426 [PID 69051] INFO Pyre binary is located at `.venv/bin/pyre.bin`
2026-03-03 15:31:25,426 [PID 69051] INFO Could not determine the number of Pyre workers from configuration. Auto-set the value to 4.
2026-03-03 15:31:25,426 [PID 69051] INFO No typeshed specified, looking for it...
2026-03-03 15:31:25,426 [PID 69051] INFO Found: `/Users/zagers/Documents/code/NameThatYankee/.venv/lib/pyre_check/typeshed`
2026-03-03 15:31:25,427 [PID 69051] WARNING Cannot find a watchman root. Incremental check will not be functional since no filesystem updates will be sent to the Pyre server.
2026-03-03 15:31:25,427 [PID 69051] INFO Starting server at `/Users/zagers/Documents/code/NameThatYankee`...
2026-03-03 15:31:25,427 [PID 69051] INFO Writing arguments into /var/folders/x3/ljm78v1d5478tmhxw0xstxyw0000gn/T/pyre_arguments__gofmy_5.json...
2026-03-03 15:31:25,427 [PID 69051] DEBUG Arguments:
{
  "source_paths": {
    "kind": "simple",
    "paths": [
      "/Users/zagers/Documents/code/NameThatYankee"
    ]
  },
  "search_paths": [
    "/Users/zagers/Documents/code/NameThatYankee/.venv/lib/python3.14/site-packages$google",
    "/Users/zagers/Documents/code/NameThatYankee/.venv/lib/python3.14/site-packages$PIL",
    "/Users/zagers/Documents/code/NameThatYankee/.venv/lib/pyre_check/typeshed/stdlib",
    "/Users/zagers/Documents/code/NameThatYankee/.venv/lib/pyre_check/typeshed/stubs/ExifRead",
    "/Users/zagers/Documents/code/NameThatYankee/.venv/lib/pyre_check/typeshed/stubs/PyMySQL",
    "/Users/zagers/Documents/code/NameThatYankee/.venv/lib/pyre_check/typeshed/stubs/PyYAML",
    "/Users/zagers/Documents/code/NameThatYankee/.venv/lib/pyre_check/typeshed/stubs/aiofiles",
    "/Users/zagers/Documents/code/NameThatYankee/.venv/lib/pyre_check/typeshed/stubs/chevron",
    "/Users/zagers/Documents/code/NameThatYankee/.venv/lib/pyre_check/typeshed/stubs/colorama",
    "/Users/zagers/Documents/code/NameThatYankee/.venv/lib/pyre_check/typeshed/stubs/ldap3",
    "/Users/zagers/Documents/code/NameThatYankee/.venv/lib/pyre_check/typeshed/stubs/mysqlclient",
    "/Users/zagers/Documents/code/NameThatYankee/.venv/lib/pyre_check/typeshed/stubs/paramiko",
    "/Users/zagers/Documents/code/NameThatYankee/.venv/lib/pyre_check/typeshed/stubs/psycopg2",
    "/Users/zagers/Documents/code/NameThatYankee/.venv/lib/pyre_check/typeshed/stubs/pycurl",
    "/Users/zagers/Documents/code/NameThatYankee/.venv/lib/pyre_check/typeshed/stubs/python-dateutil",
    "/Users/zagers/Documents/code/NameThatYankee/.venv/lib/pyre_check/typeshed/stubs/pytz",
    "/Users/zagers/Documents/code/NameThatYankee/.venv/lib/pyre_check/typeshed/stubs/regex",
    "/Users/zagers/Documents/code/NameThatYankee/.venv/lib/pyre_check/typeshed/stubs/requests",
    "/Users/zagers/Documents/code/NameThatYankee/.venv/lib/pyre_check/typeshed/stubs/retry",
    "/Users/zagers/Documents/code/NameThatYankee/.venv/lib/pyre_check/typeshed/stubs/tqdm",
    "/Users/zagers/Documents/code/NameThatYankee/.venv/lib/pyre_check/typeshed/stubs/ujson"
  ],
  "excludes": [
    ".venv"
  ],
  "checked_directory_allowlist": [
    "/Users/zagers/Documents/code/NameThatYankee"
  ],
  "checked_directory_blocklist": [],
  "extensions": [],
  "log_path": "/Users/zagers/Documents/code/NameThatYankee/.pyre",
  "global_root": "/Users/zagers/Documents/code/NameThatYankee",
  "debug": false,
  "python_version": {
    "major": 3,
    "minor": 14,
    "micro": 3
  },
  "system_platform": "darwin",
  "shared_memory": {},
  "parallel": true,
  "number_of_workers": 4,
  "strict": false,
  "socket_path": "/var/folders/x3/ljm78v1d5478tmhxw0xstxyw0000gn/T/pyre_server_02046ef50e113fc9.sock",
  "show_error_traces": false,
  "additional_logging_sections": [
    "server"
  ],
  "taint_model_paths": [],
  "store_type_check_resolution": false,
  "critical_files": [
    {
      "full_path": "/Users/zagers/Documents/code/NameThatYankee/.pyre_configuration"
    }
  ],
  "skip_initial_type_check": false,
  "use_lazy_module_tracking": false,
  "analyze_external_sources": false
}
2026-03-03 15:31:25,440 [PID 69051] INFO Server is starting in the background.

2026-03-03 15:31:26,373 [PID 69051] PERFORMANCE  Initialized shared memory (heap size: 8589934592, dep table pow: 27, hash table pow: 26): 0.002s
2026-03-03 15:31:26,398 [PID 69051] PERFORMANCE  Initialized multiprocessing workers (workers: 4): 0.014s
2026-03-03 15:31:26,398 [PID 69051] INFO  Server has started listening on socket `/var/folders/x3/ljm78v1d5478tmhxw0xstxyw0000gn/T/pyre_server_02046ef50e113fc9.sock`
2026-03-03 15:31:26,398 [PID 69051] INFO  Initializing server state from scratch...
2026-03-03 15:31:26,398 [PID 69051] INFO  Building module tracker...
2026-03-03 15:31:26,561 [PID 69051] PERFORMANCE  Module tracker built: 0.167s
2026-03-03 15:31:26,561 [PID 69051] PERFORMANCE  Full environment built: 0.172s
2026-03-03 15:31:26,561 [PID 69051] INFO  Collecting all definitions...
2026-03-03 15:31:29,298 [PID 69051] PERFORMANCE  Collected definitions (defines: 36779): 2.731s
2026-03-03 15:31:29,298 [PID 69051] INFO  Checking 36779 functions...
2026-03-03 15:31:36,286 [PID 69051] INFO  Processed 4598 of 36779 functions
2026-03-03 15:31:36,862 [PID 69051] INFO  Processed 9196 of 36779 functions
2026-03-03 15:31:36,960 [PID 69051] INFO  Processed 13794 of 36779 functions
2026-03-03 15:31:37,336 [PID 69051] INFO  Processed 18392 of 36779 functions
2026-03-03 15:31:40,936 [PID 69051] INFO  Processed 22990 of 36779 functions
2026-03-03 15:31:41,320 [PID 69051] INFO  Processed 27588 of 36779 functions
2026-03-03 15:31:41,609 [PID 69051] INFO  Processed 32186 of 36779 functions
2026-03-03 15:31:41,794 [PID 69051] INFO  Processed 36779 of 36779 functions
2026-03-03 15:31:41,794 [PID 69051] PERFORMANCE  Check_TypeCheck: 12.497s
2026-03-03 15:31:41,794 [PID 69051] MEMORY  Shared memory size post-typecheck (size: 62)
2026-03-03 15:31:41,794 [PID 69051] INFO  Postprocessing 2036 sources...
2026-03-03 15:31:42,444 [PID 69051] INFO  Postprocessed 510 of 2036 sources
2026-03-03 15:31:42,444 [PID 69051] INFO  Postprocessed 1020 of 2036 sources
2026-03-03 15:31:42,444 [PID 69051] INFO  Postprocessed 1530 of 2036 sources
2026-03-03 15:31:42,470 [PID 69051] INFO Waiting for server...
2026-03-03 15:31:42,482 [PID 69051] SERVER  Connection established
2026-03-03 15:31:42,483 [PID 69051] SERVER  Processing request (DisplayTypeError())...
2026-03-03 15:31:42,651 [PID 69051] PERFORMANCE  Server request (binary_version: 7873fbf76ce7a1f3b02a527f4e2ee8ac50ca6843, request kind: DisplayTypeErrors): 0.155s
2026-03-03 15:31:42,656 [PID 69051] SERVER  Request `(DisplayTypeError())` processed
2026-03-03 15:31:42,656 [PID 69051] SERVER  Connection closed
2026-03-03 15:31:42,752 [PID 69051] ERROR Found 7068 type errors!
2026-03-03 15:48:10,620 [PID 69316] INFO No binary specified, looking for `pyre.bin` in PATH
2026-03-03 15:48:10,622 [PID 69316] INFO Pyre binary is located at `.venv/bin/pyre.bin`
2026-03-03 15:48:10,622 [PID 69316] INFO Could not determine the number of Pyre workers from configuration. Auto-set the value to 4.
2026-03-03 15:48:10,622 [PID 69316] INFO No typeshed specified, looking for it...
2026-03-03 15:48:10,622 [PID 69316] INFO Found: `/Users/zagers/Documents/code/NameThatYankee/.venv/lib/pyre_check/typeshed`
2026-03-03 15:48:10,623 [PID 69316] INFO Writing arguments into /var/folders/x3/ljm78v1d5478tmhxw0xstxyw0000gn/T/pyre_arguments_g7px9x7q.json...
2026-03-03 15:48:10,623 [PID 69316] DEBUG Arguments:
{
  "source_paths": {
    "kind": "simple",
    "paths": [
      "/Users/zagers/Documents/code/NameThatYankee"
    ]
  },
  "search_paths": [
    "/Users/zagers/Documents/code/NameThatYankee/.venv/lib/python3.14/site-packages$google",
    "/Users/zagers/Documents/code/NameThatYankee/.venv/lib/python3.14/site-packages$PIL",
    "/Users/zagers/Documents/code/NameThatYankee/.venv/lib/pyre_check/typeshed/stdlib",
    "/Users/zagers/Documents/code/NameThatYankee/.venv/lib/pyre_check/typeshed/stubs/ExifRead",
    "/Users/zagers/Documents/code/NameThatYankee/.venv/lib/pyre_check/typeshed/stubs/PyMySQL",
    "/Users/zagers/Documents/code/NameThatYankee/.venv/lib/pyre_check/typeshed/stubs/PyYAML",
    "/Users/zagers/Documents/code/NameThatYankee/.venv/lib/pyre_check/typeshed/stubs/aiofiles",
    "/Users/zagers/Documents/code/NameThatYankee/.venv/lib/pyre_check/typeshed/stubs/chevron",
    "/Users/zagers/Documents/code/NameThatYankee/.venv/lib/pyre_check/typeshed/stubs/colorama",
    "/Users/zagers/Documents/code/NameThatYankee/.venv/lib/pyre_check/typeshed/stubs/ldap3",
    "/Users/zagers/Documents/code/NameThatYankee/.venv/lib/pyre_check/typeshed/stubs/mysqlclient",
    "/Users/zagers/Documents/code/NameThatYankee/.venv/lib/pyre_check/typeshed/stubs/paramiko",
    "/Users/zagers/Documents/code/NameThatYankee/.venv/lib/pyre_check/typeshed/stubs/psycopg2",
    "/Users/zagers/Documents/code/NameThatYankee/.venv/lib/pyre_check/typeshed/stubs/pycurl",
    "/Users/zagers/Documents/code/NameThatYankee/.venv/lib/pyre_check/typeshed/stubs/python-dateutil",
    "/Users/zagers/Documents/code/NameThatYankee/.venv/lib/pyre_check/typeshed/stubs/pytz",
    "/Users/zagers/Documents/code/NameThatYankee/.venv/lib/pyre_check/typeshed/stubs/regex",
    "/Users/zagers/Documents/code/NameThatYankee/.venv/lib/pyre_check/typeshed/stubs/requests",
    "/Users/zagers/Documents/code/NameThatYankee/.venv/lib/pyre_check/typeshed/stubs/retry",
    "/Users/zagers/Documents/code/NameThatYankee/.venv/lib/pyre_check/typeshed/stubs/tqdm",
    "/Users/zagers/Documents/code/NameThatYankee/.venv/lib/pyre_check/typeshed/stubs/ujson"
  ],
  "excludes": [
    ".venv"
  ],
  "checked_directory_allowlist": [
    "/Users/zagers/Documents/code/NameThatYankee"
  ],
  "checked_directory_blocklist": [],
  "extensions": [],
  "log_path": "/Users/zagers/Documents/code/NameThatYankee/.pyre",
  "global_root": "/Users/zagers/Documents/code/NameThatYankee",
  "debug": false,
  "python_version": {
    "major": 3,
    "minor": 14,
    "micro": 3
  },
  "system_platform": "darwin",
  "shared_memory": {},
  "parallel": true,
  "number_of_workers": 4,
  "additional_logging_sections": [],
  "show_error_traces": false,
  "strict": false
}
2026-03-03 15:48:10,686 [PID 69316] PERFORMANCE  Initialized shared memory (heap size: 8589934592, dep table pow: 1, hash table pow: 26): 0.000s
2026-03-03 15:48:10,686 [PID 69316] PERFORMANCE  Initialized multiprocessing workers (workers: 4): 0.008s
2026-03-03 15:48:10,686 [PID 69316] INFO  Building module tracker...
2026-03-03 15:48:10,848 [PID 69316] PERFORMANCE  Module tracker built: 0.155s
2026-03-03 15:48:10,848 [PID 69316] PERFORMANCE  Full environment built: 0.155s
2026-03-03 15:48:10,848 [PID 69316] INFO  Collecting all definitions...
2026-03-03 15:48:13,323 [PID 69316] PERFORMANCE  Collected definitions (defines: 36779): 2.480s
2026-03-03 15:48:13,323 [PID 69316] INFO  Checking 36779 functions...
2026-03-03 15:48:17,564 [PID 69316] INFO  Processed 4598 of 36779 functions
2026-03-03 15:48:17,850 [PID 69316] INFO  Processed 9196 of 36779 functions
2026-03-03 15:48:17,910 [PID 69316] INFO  Processed 13794 of 36779 functions
2026-03-03 15:48:18,415 [PID 69316] INFO  Processed 18392 of 36779 functions
2026-03-03 15:48:20,828 [PID 69316] INFO  Processed 22990 of 36779 functions
2026-03-03 15:48:21,141 [PID 69316] INFO  Processed 27588 of 36779 functions
2026-03-03 15:48:21,385 [PID 69316] INFO  Processed 32186 of 36779 functions
2026-03-03 15:48:21,703 [PID 69316] INFO  Processed 36779 of 36779 functions
2026-03-03 15:48:21,703 [PID 69316] PERFORMANCE  Check_TypeCheck: 8.379s
2026-03-03 15:48:21,703 [PID 69316] MEMORY  Shared memory size post-typecheck (size: 67)
2026-03-03 15:48:21,703 [PID 69316] INFO  Postprocessing 2036 sources...
2026-03-03 15:48:22,262 [PID 69316] INFO  Postprocessed 510 of 2036 sources
2026-03-03 15:48:22,262 [PID 69316] INFO  Postprocessed 1020 of 2036 sources
2026-03-03 15:48:22,263 [PID 69316] INFO  Postprocessed 1530 of 2036 sources
2026-03-03 15:48:22,323 [PID 69316] INFO  Postprocessed 2036 of 2036 sources
2026-03-03 15:48:22,323 [PID 69316] PERFORMANCE  Check_Postprocessing: 0.618s
2026-03-03 15:48:22,323 [PID 69316] PERFORMANCE  Check (request kind: FullCheck): 11.634s
2026-03-03 15:48:22,552 [PID 69316] ERROR Found 7066 type errors!
